2023-10-22 21:40:18
	Method : GET
	여기에서 : 127.0.0.1:62221
	여기로 : http://127.0.0.1:8000/
	요청JSON : 

	응답코드 : 404
	결과타입 : else
	결과JSON : 
		detail : Not Found
	처리시간 : 0.0

2023-10-22 23:10:44
	Method : GET
	여기에서 : 127.0.0.1:50328
	여기로 : http://127.0.0.1:8000/
	요청JSON : 

	응답코드 : 404
	결과타입 : else
	결과JSON : 
		detail : Not Found
	처리시간 : 0.0

2023-10-22 23:10:47
	Method : GET
	여기에서 : 127.0.0.1:50328
	여기로 : http://127.0.0.1:8000/docs
	요청JSON : 

	응답코드 : 200
	결과타입 : else
	결과JSON : 

	처리시간 : 0.0

2023-10-22 23:10:47
	Method : GET
	여기에서 : 127.0.0.1:50328
	여기로 : http://127.0.0.1:8000/openapi.json
	요청JSON : 

	응답코드 : 200
	결과타입 : else
	결과JSON : 
		openapi : 3.1.0
		info : {'title': 'FastAPI', 'version': '0.1.0'}
		paths : {'/login': {'get': {'summary': 'User List', 'operationId': 'user_list_login_get', 'responses': {'200': {'description': 'Successful Response', 'content': {'application/json': {'schema': {}}}}}}, 'post': {'summary': 'Login', 'operationId': 'login_login_post', 'requestBody': {'content': {'application/json': {'schema': {'$ref': '#/components/schemas/LoginRequest'}}}, 'required': True}, 'responses': {'200': {'description': 'Successful Response', 'content': {'application/json': {'schema': {}}}}, '422': {'description': 'Validation Error', 'content': {'application/json': {'schema': {'$ref': '#/components/schemas/HTTPValidationError'}}}}}}}}
		components : {'schemas': {'HTTPValidationError': {'properties': {'detail': {'items': {'$ref': '#/components/schemas/ValidationError'}, 'type': 'array', 'title': 'Detail'}}, 'type': 'object', 'title': 'HTTPValidationError'}, 'LoginRequest': {'properties': {'email': {'type': 'string', 'title': 'Email'}, 'password': {'type': 'string', 'title': 'Password'}}, 'type': 'object', 'required': ['email', 'password'], 'title': 'LoginRequest'}, 'ValidationError': {'properties': {'loc': {'items': {'anyOf': [{'type': 'string'}, {'type': 'integer'}]}, 'type': 'array', 'title': 'Location'}, 'msg': {'type': 'string', 'title': 'Message'}, 'type': {'type': 'string', 'title': 'Error Type'}}, 'type': 'object', 'required': ['loc', 'msg', 'type'], 'title': 'ValidationError'}}}
	처리시간 : 0.00200

2023-10-22 23:10:53
	Method : GET
	여기에서 : 127.0.0.1:50330
	여기로 : http://127.0.0.1:8000/login
	요청JSON : 

	응답코드 : 200
	결과타입 : else
	결과JSON : 

	처리시간 : 0.00700

2023-10-22 23:16:31
	Method : GET
	여기에서 : 127.0.0.1:50601
	여기로 : http://127.0.0.1:8000/login
	요청JSON : 

	응답코드 : 200
	결과타입 : else
	결과JSON : 

	처리시간 : 0.00100

2023-10-22 23:16:32
	Method : GET
	여기에서 : 127.0.0.1:50601
	여기로 : http://127.0.0.1:8000/login
	요청JSON : 

	응답코드 : 200
	결과타입 : else
	결과JSON : 

	처리시간 : 0.00037

2023-10-22 23:16:32
	Method : GET
	여기에서 : 127.0.0.1:50601
	여기로 : http://127.0.0.1:8000/login
	요청JSON : 

	응답코드 : 200
	결과타입 : else
	결과JSON : 

	처리시간 : 0.00042

2023-10-22 23:16:33
	Method : GET
	여기에서 : 127.0.0.1:50601
	여기로 : http://127.0.0.1:8000/login
	요청JSON : 

	응답코드 : 200
	결과타입 : else
	결과JSON : 

	처리시간 : 0.0

2023-10-22 23:16:33
	Method : GET
	여기에서 : 127.0.0.1:50601
	여기로 : http://127.0.0.1:8000/login
	요청JSON : 

	응답코드 : 200
	결과타입 : else
	결과JSON : 

	처리시간 : 0.0

2023-10-22 23:16:33
	Method : GET
	여기에서 : 127.0.0.1:50601
	여기로 : http://127.0.0.1:8000/login
	요청JSON : 

	응답코드 : 200
	결과타입 : else
	결과JSON : 

	처리시간 : 0.00092

2023-10-22 23:16:33
	Method : GET
	여기에서 : 127.0.0.1:50601
	여기로 : http://127.0.0.1:8000/login
	요청JSON : 

	응답코드 : 200
	결과타입 : else
	결과JSON : 

	처리시간 : 0.00099

2023-10-22 23:16:33
	Method : GET
	여기에서 : 127.0.0.1:50601
	여기로 : http://127.0.0.1:8000/login
	요청JSON : 

	응답코드 : 200
	결과타입 : else
	결과JSON : 

	처리시간 : 0.0

2023-10-22 23:16:41
	Method : GET
	여기에서 : 127.0.0.1:50612
	여기로 : http://127.0.0.1:8000/login
	요청JSON : 

	응답코드 : 200
	결과타입 : else
	결과JSON : 

	처리시간 : 0.00363

2023-10-22 23:16:51
	Method : GET
	여기에서 : 127.0.0.1:50621
	여기로 : http://127.0.0.1:8000/login
	요청JSON : 

	응답코드 : 200
	결과타입 : else
	결과JSON : 

	처리시간 : 0.01058

2023-10-22 23:17:17
	Method : GET
	여기에서 : 127.0.0.1:50648
	여기로 : http://127.0.0.1:8000/login
	요청JSON : 

	응답코드 : 200
	결과타입 : else
	결과JSON : 

	처리시간 : 0.00477

2023-10-22 23:18:27
	Method : GET
	여기에서 : 127.0.0.1:50721
	여기로 : http://127.0.0.1:8000/login
	요청JSON : 

	응답코드 : 200
	결과타입 : else
	결과JSON : 

	처리시간 : 0.01087

2023-10-22 23:18:51
	Method : GET
	여기에서 : 127.0.0.1:50745
	여기로 : http://127.0.0.1:8000/login
	요청JSON : 

	응답코드 : 200
	결과타입 : else
	결과JSON : 

	처리시간 : 0.01158

2023-10-22 23:21:34
	Method : GET
	여기에서 : 127.0.0.1:50857
	여기로 : http://127.0.0.1:8000/login
	요청JSON : 

	응답코드 : 200
	결과타입 : else
	결과JSON : 

	처리시간 : 0.03039

2023-10-22 23:22:03
	Method : GET
	여기에서 : 127.0.0.1:50873
	여기로 : http://127.0.0.1:8000/login
	요청JSON : 

	응답코드 : 200
	결과타입 : else
	결과JSON : 

	처리시간 : 0.00015

2023-10-22 23:23:11
	Method : GET
	여기에서 : 127.0.0.1:50912
	여기로 : http://127.0.0.1:8000/login
	요청JSON : 

	응답코드 : 200
	결과타입 : else
	결과JSON : 

	처리시간 : 0.0

2023-10-22 23:23:40
	Method : GET
	여기에서 : 127.0.0.1:50937
	여기로 : http://127.0.0.1:8000/login
	요청JSON : 

	응답코드 : 200
	결과타입 : else
	결과JSON : 

	처리시간 : 0.00952

2023-10-22 23:26:51
	Method : POST
	여기에서 : 127.0.0.1:51052
	여기로 : http://127.0.0.1:8000/login
	요청JSON : 
		email : wisixicidi@gmail.com
		password : 94a07s02d*fg
	응답코드 : 200
	결과타입 : else
	결과JSON : 

	처리시간 : 0.0

2023-10-22 23:27:50
	Method : POST
	여기에서 : 127.0.0.1:51118
	여기로 : http://127.0.0.1:8000/login
	요청JSON : 
		email : wisixicidi@gmail.com
		password : 94a07s02d*fg
	응답코드 : 200
	결과타입 : else
	결과JSON : 

	처리시간 : 0.00802

2023-10-22 23:28:20
	Method : POST
	여기에서 : 127.0.0.1:51144
	여기로 : http://127.0.0.1:8000/login
	요청JSON : 
		email : wisixicidi@gmail.com
		password : 94a07s02d*fg
	응답코드 : 200
	결과타입 : else
	결과JSON : 

	처리시간 : 0.01065

2023-10-22 23:28:29
	Method : POST
	여기에서 : 127.0.0.1:51157
	여기로 : http://127.0.0.1:8000/login
	요청JSON : 
		email : wisixicidi@gmail.com
		password : 94a07s02d*fg
	응답코드 : 200
	결과타입 : else
	결과JSON : 

	처리시간 : 0.01107

2023-10-22 23:29:04
	Method : POST
	여기에서 : 127.0.0.1:51191
	여기로 : http://127.0.0.1:8000/login
	요청JSON : 
		email : wisixicidi@gmail.co1m
		password : 94a07s02d*fg
	응답코드 : 200
	결과타입 : else
	결과JSON : 

	처리시간 : 0.00298

2023-10-22 23:30:32
	Method : POST
	여기에서 : 127.0.0.1:51248
	여기로 : http://127.0.0.1:8000/login
	요청JSON : 
		email : wisixicidi@gmail.co1m
		password : 94a07s02d*fg
	응답코드 : 200
	결과타입 : else
	결과JSON : 
		status_code : 400
		detail : User or Password is not valid
		headers : None
	처리시간 : 0.01023

2023-10-22 23:31:07
	Method : POST
	여기에서 : 127.0.0.1:51276
	여기로 : http://127.0.0.1:8000/login
	요청JSON : 
		email : wisixicidi@gmail.co1m
		password : 94a07s02d*fg
	응답코드 : 400
	결과타입 : else
	결과JSON : 
		detail : User or Password is not valid
	처리시간 : 0.0

2023-10-22 23:37:40
	Method : POST
	여기에서 : 127.0.0.1:51559
	여기로 : http://127.0.0.1:8000/login
	요청JSON : 
		email : wisixicidi@gmail.co1m
		password : 94a07s02d*fg
	응답코드 : 400
	결과타입 : else
	결과JSON : 
		detail : User or Password is not valid
	처리시간 : 0.00367

2023-10-22 23:38:02
	Method : POST
	여기에서 : 127.0.0.1:51576
	여기로 : http://127.0.0.1:8000/login
	요청JSON : 
		email : wisixicidi@gmail.com
		password : 94a07s02d*fg
	응답코드 : 400
	결과타입 : else
	결과JSON : 
		detail : User or Password is not valid
	처리시간 : 0.01209

2023-10-22 23:38:23
	Method : POST
	여기에서 : 127.0.0.1:51594
	여기로 : http://127.0.0.1:8000/login
	요청JSON : 
		email : wisixicidi@gmail.com
		password : 94a07s02d*fg
	응답코드 : 400
	결과타입 : else
	결과JSON : 
		detail : User or Password is not valid
	처리시간 : 0.01182

2023-10-22 23:38:44
	Method : POST
	여기에서 : 127.0.0.1:51609
	여기로 : http://127.0.0.1:8000/login
	요청JSON : 
		email : wisixicidi@gmail.com
		password : 94a07s02d*fg
	응답코드 : 400
	결과타입 : else
	결과JSON : 
		detail : User or Password is not valid
	처리시간 : 0.00602

2023-10-22 23:38:56
	Method : POST
	여기에서 : 127.0.0.1:51620
	여기로 : http://127.0.0.1:8000/login
	요청JSON : 
		email : wisixicidi@gmail.com
		password : 94a07s02d*fg
	응답코드 : 400
	결과타입 : else
	결과JSON : 
		detail : User or Password is not valid
	처리시간 : 0.00603

2023-10-22 23:42:56
	Method : POST
	여기에서 : 127.0.0.1:51785
	여기로 : http://127.0.0.1:8000/login
	요청JSON : 
		email : wisixicidi@gmail.com
		password : 94a07s02d*fg
	응답코드 : 200
	결과타입 : else
	결과JSON : 
		access_token : eyJhbGciOiJIUzI1NiIsInR5cCI6IkpXVCJ9.eyJzdWIiOiJcdWFlNDBcdWMyMThcdWQ2MDQiLCJleHAiOjE2OTgxMDQ1NzZ9.gL5tOKHdWLe5HlgsFc4QUGbJcbwGipjvexJT1TG7oNI
	처리시간 : 0.01357

2023-10-22 23:43:08
	Method : GET
	여기에서 : 127.0.0.1:51797
	여기로 : http://127.0.0.1:8000/login
	요청JSON : 

	응답코드 : 200
	결과타입 : else
	결과JSON : 

	처리시간 : 0.00619

2023-10-22 23:51:24
	Method : POST
	여기에서 : 127.0.0.1:52336
	여기로 : http://127.0.0.1:8000/login
	요청JSON : 
		email : sdfasdfsdfsdf
		password : 13135135
	응답코드 : 422
	결과타입 : else
	결과JSON : 
		detail : [{'type': 'model_attributes_type', 'loc': ['body'], 'msg': 'Input should be a valid dictionary or object to extract fields from', 'input': '{"email":"sdfasdfsdfsdf","password":"13135135"}', 'url': 'https://errors.pydantic.dev/2.4/v/model_attributes_type'}]
	처리시간 : 0.0

2023-10-22 23:51:58
	Method : POST
	여기에서 : 127.0.0.1:52374
	여기로 : http://127.0.0.1:8000/login
	요청JSON : 
		email : sdfasdfsdfsdf
		password : 13135135
	응답코드 : 422
	결과타입 : else
	결과JSON : 
		detail : [{'type': 'model_attributes_type', 'loc': ['body'], 'msg': 'Input should be a valid dictionary or object to extract fields from', 'input': '{"email":"sdfasdfsdfsdf","password":"13135135"}', 'url': 'https://errors.pydantic.dev/2.4/v/model_attributes_type'}]
	처리시간 : 0.0

2023-10-22 23:52:31
	Method : POST
	여기에서 : 127.0.0.1:52411
	여기로 : http://127.0.0.1:8000/login
	요청JSON : 

	응답코드 : 422
	결과타입 : else
	결과JSON : 
		detail : [{'type': 'model_attributes_type', 'loc': ['body'], 'msg': 'Input should be a valid dictionary or object to extract fields from', 'input': 'email=fghsfghdfgh&password=sdfghsdfgsdfgdfg', 'url': 'https://errors.pydantic.dev/2.4/v/model_attributes_type'}]
	처리시간 : 0.0

2023-10-22 23:53:43
	Method : GET
	여기에서 : 127.0.0.1:52486
	여기로 : http://127.0.0.1:8000/login
	요청JSON : 

	응답코드 : 200
	결과타입 : else
	결과JSON : 

	처리시간 : 0.0

2023-10-22 23:54:34
	Method : POST
	여기에서 : 127.0.0.1:52551
	여기로 : http://127.0.0.1:8000/login
	요청JSON : 
		email : sdfasdfasdf
		password : asdfasdfasdf
	응답코드 : 422
	결과타입 : else
	결과JSON : 
		detail : [{'type': 'model_attributes_type', 'loc': ['body'], 'msg': 'Input should be a valid dictionary or object to extract fields from', 'input': '{"email":"sdfasdfasdf","password":"asdfasdfasdf"}', 'url': 'https://errors.pydantic.dev/2.4/v/model_attributes_type'}]
	처리시간 : 0.0

2023-10-22 23:57:05
	Method : OPTIONS
	여기에서 : 127.0.0.1:52766
	여기로 : http://127.0.0.1:8000/login
	요청JSON : 

	응답코드 : 200
	결과타입 : else
	결과JSON : 

	처리시간 : 0.0

2023-10-22 23:57:05
	Method : POST
	여기에서 : 127.0.0.1:52766
	여기로 : http://127.0.0.1:8000/login
	요청JSON : 
		email : asdfasdfasdfasdfasdf
		password : sdfsdfsfsdfsdf
	응답코드 : 400
	결과타입 : else
	결과JSON : 
		detail : User or Password is not valid
	처리시간 : 0.01669

2023-10-22 23:57:17
	Method : POST
	여기에서 : 127.0.0.1:52767
	여기로 : http://127.0.0.1:8000/login
	요청JSON : 
		email : wisixicidi@gmail.com
		password : 94a07s02d*fg
	응답코드 : 200
	결과타입 : else
	결과JSON : 
		access_token : eyJhbGciOiJIUzI1NiIsInR5cCI6IkpXVCJ9.eyJzdWIiOiJcdWFlNDBcdWMyMThcdWQ2MDQiLCJleHAiOjE2OTgxMDU0Mzd9.vBG1KGpcO9-Ad55In8vj-kGWXbK6oyiR_3soHpsaO0w
	처리시간 : 0.02424

